#
# A fatal error has been detected by the Java Runtime Environment:
#
#  EXCEPTION_ACCESS_VIOLATION (0xc0000005) at pc=0x00007ffbd770b089, pid=16376, tid=7984
#
# JRE version: OpenJDK Runtime Environment (16.0.1+9) (build 16.0.1+9-24)
# Java VM: OpenJDK 64-Bit Server VM (16.0.1+9-24, mixed mode, tiered, compressed oops, compressed class ptrs, g1 gc, windows-amd64)
# Problematic frame:
# V  [jvm.dll+0x23b089]
#
# No core dump will be written. Minidumps are not enabled by default on client versions of Windows
#
# If you would like to submit a bug report, please visit:
#   https://bugreport.java.com/bugreport/crash.jsp
#

---------------  S U M M A R Y ------------

Command Line: -XX:+ShowCodeDetailsInExceptionMessages -agentlib:jdwp=transport=dt_socket,suspend=y,address=localhost:56472 -Dcom.sun.management.jmxremote -Dcom.sun.management.jmxremote.port=56470 -Dcom.sun.management.jmxremote.authenticate=false -Dcom.sun.management.jmxremote.ssl=false -Djava.rmi.server.hostname=localhost -Dspring.jmx.enabled=true -Dspring.application.admin.enabled=true -XX:TieredStopAtLevel=1 -Dspring.boot.project.name=wallet -javaagent:E:\sts-4.11.1.RELEASE\configuration\org.eclipse.osgi\258\0\.cp\lib\javaagent-shaded.jar -Dfile.encoding=UTF-8 com.frabelovix.wallet.WalletApplication --spring.output.ansi.enabled=always

Host: Intel(R) Core(TM) i5-6200U CPU @ 2.30GHz, 4 cores, 11G,  Windows 10 , 64 bit Build 19041 (10.0.19041.1202)
Time: Sun Oct 31 18:10:06 2021 Hora oficial do Brasil elapsed time: 295.176256 seconds (0d 0h 4m 55s)

---------------  T H R E A D  ---------------

Current thread (0x000001d56b4e1510):  VMThread "VM Thread" [stack: 0x0000007a65600000,0x0000007a65700000] [id=7984]

Stack: [0x0000007a65600000,0x0000007a65700000],  sp=0x0000007a656ff200,  free space=1020k
Native frames: (J=compiled Java code, j=interpreted, Vv=VM code, C=native code)
V  [jvm.dll+0x23b089]
V  [jvm.dll+0x61f220]
V  [jvm.dll+0x61fc8f]
V  [jvm.dll+0x52472d]
V  [jvm.dll+0x52832f]
V  [jvm.dll+0x525dfb]
V  [jvm.dll+0x7d05eb]
V  [jvm.dll+0x7d12e4]
V  [jvm.dll+0x7d17e9]
V  [jvm.dll+0x7d1aa4]
V  [jvm.dll+0x7d1b70]
V  [jvm.dll+0x779b4a]
V  [jvm.dll+0x667666]
C  [ucrtbase.dll+0x21bb2]
C  [KERNEL32.DLL+0x17034]
C  [ntdll.dll+0x52651]


siginfo: EXCEPTION_ACCESS_VIOLATION (0xc0000005), reading address 0x000001d572948000


Register to memory mapping:

RIP=0x00007ffbd770b089 jvm.dll
RAX=2097152 is a compressed pointer to class: 0x0000000800200000
java.lang.invoke.LambdaForm$DMH/0x0000000800200000 {0x0000000800200008}
RBX=0x000001d572744000 is pointing into metadata
RCX=0x000001d572748000 is pointing into metadata
RDX=0x000000000000ffff is an unknown value
RSP=0x0000007a656ff200 points into unknown readable memory: 0x00007ffbd7fe0980 | 80 09 fe d7 fb 7f 00 00
RBP=0x0000007a656ff2f9 points into unknown readable memory: 15 4e 6b d5 01 00 00
RSI=0x000000000000ffff is an unknown value
RDI=0x000000000000ffff is an unknown value
R8 ={method} {0x000001d572745a50} 'lambda$3' '(Lcom/frabelovix/wallet/response/Response;Lorg/springframework/validation/ObjectError;)V' in 'com/frabelovix/wallet/controller/WalletItemController'
R9 =0x0000000000000003 is an unknown value
R10=0x000001d56b521fd0 points into unknown readable memory: 0x0000001e00000002 | 02 00 00 00 1e 00 00 00
R11={method} {0x000001d572745a50} 'lambda$3' '(Lcom/frabelovix/wallet/response/Response;Lorg/springframework/validation/ObjectError;)V' in 'com/frabelovix/wallet/controller/WalletItemController'
R12=0x0000000000000028 is an unknown value
R13={method} {0x000001d5726ca288} 'lambda$3' '(Lcom/frabelovix/wallet/response/Response;Lorg/springframework/validation/ObjectError;)V' in 'com/frabelovix/wallet/controller/WalletItemController'
R14=0x000001d572745a21 is pointing into metadata
R15=0x00007ffbd74d0000 jvm.dll


Registers:
RAX=0x0000000000200000, RBX=0x000001d572744000, RCX=0x000001d572748000, RDX=0x000000000000ffff
RSP=0x0000007a656ff200, RBP=0x0000007a656ff2f9, RSI=0x000000000000ffff, RDI=0x000000000000ffff
R8 =0x000001d572745a48, R9 =0x0000000000000003, R10=0x000001d56b521fd0, R11=0x000001d572745a48
R12=0x0000000000000028, R13=0x000001d5726ca280, R14=0x000001d572745a21, R15=0x00007ffbd74d0000
RIP=0x00007ffbd770b089, EFLAGS=0x0000000000010206

Top of Stack: (sp=0x0000007a656ff200)
0x0000007a656ff200:   00007ffbd7fe0980 000001d570f0f050
0x0000007a656ff210:   000001d572744ea8 0000000000000003
0x0000007a656ff220:   0000000000000021 00007ffbd7aef220
0x0000007a656ff230:   00000000000000b6 0000000000000005
0x0000007a656ff240:   0000000000000002 0000000000000027
0x0000007a656ff250:   0000007a656ff2c0 00007ffbd75f52ae
0x0000007a656ff260:   000001d572745a48 000001d572727ee7
0x0000007a656ff270:   00000008000000e6 000001d572745478
0x0000007a656ff280:   00000000000000b6 00007ffbd7aefc8f
0x0000007a656ff290:   00000000000000b6 0000007a656ff2f9
0x0000007a656ff2a0:   00000000000000b6 0000000000000040
0x0000007a656ff2b0:   000001d572745a48 000001d56b4e1510
0x0000007a656ff2c0:   000001d572745a48 000001d56b4e1510
0x0000007a656ff2d0:   0000000400000001 000000b60000000e
0x0000007a656ff2e0:   0000000800930000 0000007a000000b6
0x0000007a656ff2f0:   000001d5726ca280 000001d56b4e1510 

Instructions: (pc=0x00007ffbd770b089)
0x00007ffbd770af89:   18 57 48 83 ec 30 48 63 da 49 8b f0 48 8b f9 85
0x00007ffbd770af99:   d2 79 24 4c 8d 0d 3d 88 69 00 ba b4 02 00 00 4c
0x00007ffbd770afa9:   8d 05 69 88 69 00 48 8d 0d d2 87 69 00 e8 d5 7d
0x00007ffbd770afb9:   00 00 e8 80 d3 42 00 48 8b 57 10 48 85 d2 74 0f
0x00007ffbd770afc9:   48 8d 43 01 48 c1 e0 05 48 8b 04 10 0f b7 d8 48
0x00007ffbd770afd9:   63 c3 48 8d 54 24 40 48 89 7c 24 20 48 89 74 24
0x00007ffbd770afe9:   28 48 8b 8e 88 02 00 00 8b 5c c7 48 48 89 7c 24
0x00007ffbd770aff9:   40 e8 01 f7 dc ff 0f b7 d3 48 8d 4c 24 20 4c 8b
0x00007ffbd770b009:   ce 41 b0 01 e8 ae fb ff ff 48 8d 4c 24 20 48 8b
0x00007ffbd770b019:   d8 e8 f1 72 10 00 48 8b 74 24 50 48 8b c3 48 8b
0x00007ffbd770b029:   5c 24 48 48 83 c4 30 5f c3 cc cc cc cc cc cc cc
0x00007ffbd770b039:   cc cc cc cc cc cc cc 48 89 5c 24 08 57 48 83 ec
0x00007ffbd770b049:   20 48 63 fa 48 8b d9 85 d2 79 24 4c 8d 0d 85 87
0x00007ffbd770b059:   69 00 ba b4 02 00 00 4c 8d 05 b1 87 69 00 48 8d
0x00007ffbd770b069:   0d 1a 87 69 00 e8 1d 7d 00 00 e8 c8 d2 42 00 48
0x00007ffbd770b079:   8b 4b 10 48 85 c9 74 0f 48 8d 47 01 48 c1 e0 05
0x00007ffbd770b089:   48 8b 04 08 0f b7 f8 48 63 c7 0f b7 4c c3 48 0f
0x00007ffbd770b099:   b7 44 cb 4a 48 8b 44 c3 48 48 8b 5c 24 30 48 83
0x00007ffbd770b0a9:   c4 20 5f c3 cc cc cc 48 8b 49 20 48 8b 09 e9 24
0x00007ffbd770b0b9:   5e 00 00 cc cc cc cc 4c 8b 41 20 4d 8b 00 e9 54
0x00007ffbd770b0c9:   02 00 00 cc cc cc cc 48 89 5c 24 18 56 57 41 56
0x00007ffbd770b0d9:   48 83 ec 20 48 83 3d db b8 88 00 00 4c 8b f2 48
0x00007ffbd770b0e9:   8b f9 74 0f 48 8b d1 48 8d 0d 69 86 69 00 e8 84
0x00007ffbd770b0f9:   e1 e6 ff 45 33 c0 41 8d 50 17 8d 4a 11 e8 85 d5
0x00007ffbd770b109:   e6 ff 33 db 48 85 c0 74 22 48 8d 0d cf 7c 66 00
0x00007ffbd770b119:   89 58 08 48 89 08 48 8d 4f 08 48 89 48 20 88 58
0x00007ffbd770b129:   0c 48 89 58 10 48 89 58 18 eb 03 48 8b c3 48 8b
0x00007ffbd770b139:   d0 49 8b ce e8 9e 61 3d 00 45 33 c0 41 8d 50 17
0x00007ffbd770b149:   8d 4a 11 e8 3f d5 e6 ff 48 85 c0 74 27 48 8d 0d
0x00007ffbd770b159:   13 8b 69 00 c7 40 08 02 00 00 00 48 89 08 48 8d
0x00007ffbd770b169:   4f 10 48 89 48 20 c6 40 0c 00 48 89 58 10 48 89
0x00007ffbd770b179:   58 18 eb 03 48 8b c3 48 8b d0 49 8b ce e8 55 61 


Stack slot to memory mapping:
stack at sp + 0 slots: 0x00007ffbd7fe0980 jvm.dll
stack at sp + 1 slots: 0x000001d570f0f050 points into unknown readable memory: 0x000001d56df19650 | 50 96 f1 6d d5 01 00 00
stack at sp + 2 slots: 0x000001d572744ea8 is pointing into metadata
stack at sp + 3 slots: 0x0000000000000003 is an unknown value
stack at sp + 4 slots: 0x0000000000000021 is an unknown value
stack at sp + 5 slots: 0x00007ffbd7aef220 jvm.dll
stack at sp + 6 slots: 0x00000000000000b6 is an unknown value
stack at sp + 7 slots: 0x0000000000000005 is an unknown value

VM_Operation (0x0000007a661ff200): RedefineClasses, mode: safepoint, requested by thread 0x000001d56c2152f0, redefining class com.frabelovix.wallet.controller.WalletItemController



---------------  P R O C E S S  ---------------

Threads class SMR info:
_java_thread_list=0x000001d5711bde10, length=34, elements={
0x000001d56b54e250, 0x000001d56b551720, 0x000001d56b53c830, 0x000001d56c00d0d0,
0x000001d56c00dd90, 0x000001d56c0245e0, 0x000001d56c024ef0, 0x000001d56c026780,
0x000001d56b4b1e60, 0x000001d56c2152f0, 0x000001d56c2171f0, 0x000001d56c217730,
0x000001d56c9509e0, 0x000001d56cbd5980, 0x000001d56cbc16f0, 0x000001d56cc8d1c0,
0x000001d56cc8d6e0, 0x000001d56cc90c20, 0x000001d56ccaa2f0, 0x000001d570e04030,
0x000001d570e03ae0, 0x000001d570e06560, 0x000001d570e05020, 0x000001d570e05570,
0x000001d570e05ac0, 0x000001d570dff080, 0x000001d570e03590, 0x000001d570e015b0,
0x000001d570dff5d0, 0x000001d570dffb20, 0x000001d570e00070, 0x000001d570e005c0,
0x000001d570e02af0, 0x000001d570e06010
}

Java Threads: ( => current thread )
  0x000001d56b54e250 JavaThread "Reference Handler" daemon [_thread_blocked, id=1216, stack(0x0000007a65700000,0x0000007a65800000)]
  0x000001d56b551720 JavaThread "Finalizer" daemon [_thread_blocked, id=15716, stack(0x0000007a65800000,0x0000007a65900000)]
  0x000001d56b53c830 JavaThread "Signal Dispatcher" daemon [_thread_blocked, id=15912, stack(0x0000007a65900000,0x0000007a65a00000)]
  0x000001d56c00d0d0 JavaThread "Attach Listener" daemon [_thread_blocked, id=15428, stack(0x0000007a65a00000,0x0000007a65b00000)]
  0x000001d56c00dd90 JavaThread "Service Thread" daemon [_thread_blocked, id=3524, stack(0x0000007a65b00000,0x0000007a65c00000)]
  0x000001d56c0245e0 JavaThread "Monitor Deflation Thread" daemon [_thread_blocked, id=12312, stack(0x0000007a65c00000,0x0000007a65d00000)]
  0x000001d56c024ef0 JavaThread "C1 CompilerThread0" daemon [_thread_blocked, id=12496, stack(0x0000007a65d00000,0x0000007a65e00000)]
  0x000001d56c026780 JavaThread "Sweeper thread" daemon [_thread_blocked, id=14468, stack(0x0000007a65e00000,0x0000007a65f00000)]
  0x000001d56b4b1e60 JavaThread "Common-Cleaner" daemon [_thread_blocked, id=2412, stack(0x0000007a65f00000,0x0000007a66000000)]
  0x000001d56c2152f0 JavaThread "JDWP Transport Listener: dt_socket" daemon [_thread_blocked, id=6892, stack(0x0000007a66100000,0x0000007a66200000)]
  0x000001d56c2171f0 JavaThread "JDWP Event Helper Thread" daemon [_thread_blocked, id=15344, stack(0x0000007a66200000,0x0000007a66300000)]
  0x000001d56c217730 JavaThread "JDWP Command Reader" daemon [_thread_in_native, id=16712, stack(0x0000007a66300000,0x0000007a66400000)]
  0x000001d56c9509e0 JavaThread "Notification Thread" daemon [_thread_blocked, id=14412, stack(0x0000007a66400000,0x0000007a66500000)]
  0x000001d56cbd5980 JavaThread "RMI TCP Accept-0" daemon [_thread_in_native, id=15680, stack(0x0000007a66800000,0x0000007a66900000)]
  0x000001d56cbc16f0 JavaThread "RMI TCP Accept-56470" daemon [_thread_in_native, id=17076, stack(0x0000007a66900000,0x0000007a66a00000)]
  0x000001d56cc8d1c0 JavaThread "RMI Scheduler(0)" daemon [_thread_blocked, id=13792, stack(0x0000007a66b00000,0x0000007a66c00000)]
  0x000001d56cc8d6e0 JavaThread "RMI TCP Connection(idle)" daemon [_thread_blocked, id=16204, stack(0x0000007a66c00000,0x0000007a66d00000)]
  0x000001d56cc90c20 JavaThread "RMI TCP Accept-0" daemon [_thread_in_native, id=5652, stack(0x0000007a66d00000,0x0000007a66e00000)]
  0x000001d56ccaa2f0 JavaThread "JMX server connection timeout 24" daemon [_thread_blocked, id=5916, stack(0x0000007a66f00000,0x0000007a67000000)]
  0x000001d570e04030 JavaThread "Live Reload Server" daemon [_thread_in_native, id=15260, stack(0x0000007a67b00000,0x0000007a67c00000)]
  0x000001d570e03ae0 JavaThread "DestroyJavaVM" [_thread_blocked, id=5236, stack(0x0000007a65000000,0x0000007a65100000)]
  0x000001d570e06560 JavaThread "HikariPool-2 housekeeper" daemon [_thread_blocked, id=4348, stack(0x0000007a64e00000,0x0000007a64f00000)]
  0x000001d570e05020 JavaThread "Catalina-utility-1" [_thread_blocked, id=16420, stack(0x0000007a66000000,0x0000007a66100000)]
  0x000001d570e05570 JavaThread "Catalina-utility-2" [_thread_blocked, id=128, stack(0x0000007a66a00000,0x0000007a66b00000)]
  0x000001d570e05ac0 JavaThread "container-0" [_thread_blocked, id=14968, stack(0x0000007a67000000,0x0000007a67100000)]
  0x000001d570dff080 JavaThread "File Watcher" daemon [_thread_blocked, id=10628, stack(0x0000007a67400000,0x0000007a67500000)]
  0x000001d570e03590 JavaThread "http-nio-8080-Poller" daemon [_thread_blocked, id=14528, stack(0x0000007a67500000,0x0000007a67600000)]
  0x000001d570e015b0 JavaThread "http-nio-8080-Acceptor" daemon [_thread_in_native, id=1264, stack(0x0000007a67600000,0x0000007a67700000)]
  0x000001d570dff5d0 JavaThread "http-nio-8080-exec-1" daemon [_thread_blocked, id=14956, stack(0x0000007a64f00000,0x0000007a65000000)]
  0x000001d570dffb20 JavaThread "http-nio-8080-exec-2" daemon [_thread_blocked, id=9528, stack(0x0000007a67700000,0x0000007a67800000)]
  0x000001d570e00070 JavaThread "http-nio-8080-exec-3" daemon [_thread_blocked, id=16624, stack(0x0000007a67100000,0x0000007a67200000)]
  0x000001d570e005c0 JavaThread "http-nio-8080-exec-4" daemon [_thread_blocked, id=15748, stack(0x0000007a67900000,0x0000007a67a00000)]
  0x000001d570e02af0 JavaThread "http-nio-8080-exec-5" daemon [_thread_blocked, id=732, stack(0x0000007a67a00000,0x0000007a67b00000)]
  0x000001d570e06010 JavaThread "http-nio-8080-exec-6" daemon [_thread_blocked, id=6792, stack(0x0000007a67c00000,0x0000007a67d00000)]

Other Threads:
=>0x000001d56b4e1510 VMThread "VM Thread" [stack: 0x0000007a65600000,0x0000007a65700000] [id=7984]
  0x000001d54fa00860 WatcherThread [stack: 0x0000007a66e00000,0x0000007a66f00000] [id=8068]
  0x000001d54fa412f0 GCTaskThread "GC Thread#0" [stack: 0x0000007a65100000,0x0000007a65200000] [id=15076]
  0x000001d56cb514a0 GCTaskThread "GC Thread#1" [stack: 0x0000007a66500000,0x0000007a66600000] [id=16908]
  0x000001d56cb517b0 GCTaskThread "GC Thread#2" [stack: 0x0000007a66600000,0x0000007a66700000] [id=1228]
  0x000001d56cb51ac0 GCTaskThread "GC Thread#3" [stack: 0x0000007a66700000,0x0000007a66800000] [id=8944]
  0x000001d54fa4c690 ConcurrentGCThread "G1 Main Marker" [stack: 0x0000007a65200000,0x0000007a65300000] [id=1064]
  0x000001d54d99e0c0 ConcurrentGCThread "G1 Conc#0" [stack: 0x0000007a65300000,0x0000007a65400000] [id=15896]
  0x000001d56b380090 ConcurrentGCThread "G1 Refine#0" [stack: 0x0000007a65400000,0x0000007a65500000] [id=2844]
  0x000001d56e7f3a80 ConcurrentGCThread "G1 Refine#1" [stack: 0x0000007a67200000,0x0000007a67300000] [id=5800]
  0x000001d56b382bd0 ConcurrentGCThread "G1 Service" [stack: 0x0000007a65500000,0x0000007a65600000] [id=16780]

Threads with active compile tasks:

VM state: at safepoint (normal execution)

VM Mutex/Monitor currently owned by a thread:  ([mutex/lock_event])
[0x000001d54f9fbac0] Threads_lock - owner thread: 0x000001d56b4e1510

Heap address: 0x0000000742200000, size: 3038 MB, Compressed Oops mode: Zero based, Oop shift amount: 3

CDS disabled.
Compressed class space mapped at: 0x0000000800000000-0x0000000840000000, reserved size: 1073741824
Narrow klass base: 0x0000000800000000, Narrow klass shift: 0, Narrow klass range: 0x40000000

GC Precious Log:
 CPUs: 4 total, 4 available
 Memory: 12148M
 Large Page Support: Disabled
 NUMA Support: Disabled
 Compressed Oops: Enabled (Zero based)
 Heap Region Size: 2M
 Heap Min Capacity: 8M
 Heap Initial Capacity: 190M
 Heap Max Capacity: 3038M
 Pre-touch: Disabled
 Parallel Workers: 4
 Concurrent Workers: 1
 Concurrent Refinement Workers: 4
 Periodic GC: Disabled

Heap:
 garbage-first heap   total 90112K, used 29523K [0x0000000742200000, 0x0000000800000000)
  region size 2048K, 3 young (6144K), 2 survivors (4096K)
 Metaspace       used 69437K, committed 69888K, reserved 1114112K
  class space    used 9245K, committed 9472K, reserved 1048576K

Heap Regions: E=young(eden), S=young(survivor), O=old, HS=humongous(starts), HC=humongous(continues), CS=collection set, F=free, OA=open archive, CA=closed archive, TAMS=top-at-mark-start (previous, next)
|   0|0x0000000742200000, 0x00000007423ffff0, 0x0000000742400000| 99%| O|  |TAMS 0x0000000742200000, 0x0000000742200000| Untracked 
|   1|0x0000000742400000, 0x00000007425f80d0, 0x0000000742600000| 98%| O|  |TAMS 0x0000000742400000, 0x0000000742400000| Untracked 
|   2|0x0000000742600000, 0x00000007427ffff0, 0x0000000742800000| 99%| O|  |TAMS 0x0000000742600000, 0x0000000742600000| Untracked 
|   3|0x0000000742800000, 0x00000007429ffff0, 0x0000000742a00000| 99%| O|  |TAMS 0x0000000742800000, 0x0000000742800000| Untracked 
|   4|0x0000000742a00000, 0x0000000742bfffd8, 0x0000000742c00000| 99%| O|  |TAMS 0x0000000742a00000, 0x0000000742a00000| Untracked 
|   5|0x0000000742c00000, 0x0000000742dffb78, 0x0000000742e00000| 99%| O|  |TAMS 0x0000000742c00000, 0x0000000742c00000| Untracked 
|   6|0x0000000742e00000, 0x0000000742ffffe0, 0x0000000743000000| 99%| O|  |TAMS 0x0000000742e00000, 0x0000000742e00000| Untracked 
|   7|0x0000000743000000, 0x00000007431ffff8, 0x0000000743200000| 99%| O|  |TAMS 0x0000000743000000, 0x0000000743000000| Untracked 
|   8|0x0000000743200000, 0x00000007433ffff0, 0x0000000743400000| 99%| O|  |TAMS 0x0000000743200000, 0x0000000743200000| Untracked 
|   9|0x0000000743400000, 0x00000007435399e0, 0x0000000743600000| 61%| O|  |TAMS 0x0000000743400000, 0x0000000743400000| Untracked 
|  10|0x0000000743600000, 0x0000000743800000, 0x0000000743800000|100%| O|  |TAMS 0x0000000743600000, 0x0000000743600000| Untracked 
|  11|0x0000000743800000, 0x00000007439c6e00, 0x0000000743a00000| 88%| O|  |TAMS 0x0000000743800000, 0x0000000743800000| Untracked 
|  12|0x0000000743a00000, 0x0000000743a00000, 0x0000000743c00000|  0%| F|  |TAMS 0x0000000743a00000, 0x0000000743a00000| Untracked 
|  13|0x0000000743c00000, 0x0000000743c00000, 0x0000000743e00000|  0%| F|  |TAMS 0x0000000743c00000, 0x0000000743c00000| Untracked 
|  14|0x0000000743e00000, 0x0000000743e00000, 0x0000000744000000|  0%| F|  |TAMS 0x0000000743e00000, 0x0000000743e00000| Untracked 
|  15|0x0000000744000000, 0x0000000744000000, 0x0000000744200000|  0%| F|  |TAMS 0x0000000744000000, 0x0000000744000000| Untracked 
|  16|0x0000000744200000, 0x0000000744200000, 0x0000000744400000|  0%| F|  |TAMS 0x0000000744200000, 0x0000000744200000| Untracked 
|  17|0x0000000744400000, 0x0000000744400000, 0x0000000744600000|  0%| F|  |TAMS 0x0000000744400000, 0x0000000744400000| Untracked 
|  18|0x0000000744600000, 0x00000007447b9c18, 0x0000000744800000| 86%| S|CS|TAMS 0x0000000744600000, 0x0000000744600000| Complete 
|  19|0x0000000744800000, 0x0000000744800000, 0x0000000744a00000|  0%| F|  |TAMS 0x0000000744800000, 0x0000000744800000| Untracked 
|  20|0x0000000744a00000, 0x0000000744a00000, 0x0000000744c00000|  0%| F|  |TAMS 0x0000000744a00000, 0x0000000744a00000| Untracked 
|  21|0x0000000744c00000, 0x0000000744e00000, 0x0000000744e00000|100%| S|CS|TAMS 0x0000000744c00000, 0x0000000744c00000| Complete 
|  22|0x0000000744e00000, 0x0000000744e00000, 0x0000000745000000|  0%| F|  |TAMS 0x0000000744e00000, 0x0000000744e00000| Untracked 
|  23|0x0000000745000000, 0x00000007450ceee8, 0x0000000745200000| 40%| O|  |TAMS 0x0000000745000000, 0x0000000745000000| Untracked 
|  24|0x0000000745200000, 0x0000000745354088, 0x0000000745400000| 66%| O|  |TAMS 0x0000000745200000, 0x0000000745200000| Untracked 
|  25|0x0000000745400000, 0x0000000745400000, 0x0000000745600000|  0%| F|  |TAMS 0x0000000745400000, 0x0000000745400000| Untracked 
|  26|0x0000000745600000, 0x0000000745600000, 0x0000000745800000|  0%| F|  |TAMS 0x0000000745600000, 0x0000000745600000| Untracked 
|  27|0x0000000745800000, 0x0000000745800000, 0x0000000745a00000|  0%| F|  |TAMS 0x0000000745800000, 0x0000000745800000| Untracked 
|  28|0x0000000745a00000, 0x0000000745a00000, 0x0000000745c00000|  0%| F|  |TAMS 0x0000000745a00000, 0x0000000745a00000| Untracked 
|  29|0x0000000745c00000, 0x0000000745c00000, 0x0000000745e00000|  0%| F|  |TAMS 0x0000000745c00000, 0x0000000745c00000| Untracked 
|  30|0x0000000745e00000, 0x0000000745e00000, 0x0000000746000000|  0%| F|  |TAMS 0x0000000745e00000, 0x0000000745e00000| Untracked 
|  31|0x0000000746000000, 0x0000000746000000, 0x0000000746200000|  0%| F|  |TAMS 0x0000000746000000, 0x0000000746000000| Untracked 
|  32|0x0000000746200000, 0x0000000746200000, 0x0000000746400000|  0%| F|  |TAMS 0x0000000746200000, 0x0000000746200000| Untracked 
|  33|0x0000000746400000, 0x0000000746400000, 0x0000000746600000|  0%| F|  |TAMS 0x0000000746400000, 0x0000000746400000| Untracked 
|  34|0x0000000746600000, 0x0000000746600000, 0x0000000746800000|  0%| F|  |TAMS 0x0000000746600000, 0x0000000746600000| Untracked 
|  35|0x0000000746800000, 0x0000000746800000, 0x0000000746a00000|  0%| F|  |TAMS 0x0000000746800000, 0x0000000746800000| Untracked 
|  36|0x0000000746a00000, 0x0000000746a00000, 0x0000000746c00000|  0%| F|  |TAMS 0x0000000746a00000, 0x0000000746a00000| Untracked 
|  37|0x0000000746c00000, 0x0000000746c00000, 0x0000000746e00000|  0%| F|  |TAMS 0x0000000746c00000, 0x0000000746c00000| Untracked 
|  38|0x0000000746e00000, 0x0000000746e00000, 0x0000000747000000|  0%| F|  |TAMS 0x0000000746e00000, 0x0000000746e00000| Untracked 
|  39|0x0000000747000000, 0x0000000747000000, 0x0000000747200000|  0%| F|  |TAMS 0x0000000747000000, 0x0000000747000000| Untracked 
|  40|0x0000000747200000, 0x0000000747200000, 0x0000000747400000|  0%| F|  |TAMS 0x0000000747200000, 0x0000000747200000| Untracked 
|  41|0x0000000747400000, 0x0000000747400000, 0x0000000747600000|  0%| F|  |TAMS 0x0000000747400000, 0x0000000747400000| Untracked 
|  42|0x0000000747600000, 0x0000000747600000, 0x0000000747800000|  0%| F|  |TAMS 0x0000000747600000, 0x0000000747600000| Untracked 
|  43|0x0000000747800000, 0x000000074797c500, 0x0000000747a00000| 74%| E|  |TAMS 0x0000000747800000, 0x0000000747800000| Complete 

Card table byte_map: [0x000001d562550000,0x000001d562b40000] _byte_map_base: 0x000001d55eb3f000

Marking Bits (Prev, Next): (CMBitMap*) 0x000001d54fa419e0, (CMBitMap*) 0x000001d54fa41a20
 Prev Bits: [0x000001d563130000, 0x000001d5660a8000)
 Next Bits: [0x000001d5660b0000, 0x000001d569028000)

Polling page: 0x000001d54d9e0000

Metaspace:

Usage:
  Non-class:     58.78 MB used.
      Class:      9.03 MB used.
       Both:     67.81 MB used.

Virtual space:
  Non-class space:       64.00 MB reserved,      59.00 MB ( 92%) committed,  8 nodes.
      Class space:        1.00 GB reserved,       9.25 MB ( <1%) committed,  1 nodes.
              Both:        1.06 GB reserved,      68.25 MB (  6%) committed. 

Chunk freelists:
   Non-Class:  720.00 KB
       Class:  2.73 MB
        Both:  3.43 MB

MaxMetaspaceSize: 17179869184.00 GB
CompressedClassSpaceSize: 1.00 GB
 - commit_granule_bytes: 65536.
 - commit_granule_words: 8192.
 - virtual_space_node_default_size: 1048576.
 - enlarge_chunks_in_place: 1.
 - new_chunks_are_fully_committed: 0.
 - uncommit_free_chunks: 1.
 - use_allocation_guard: 0.
 - handle_deallocations: 1.


Internal statistics:

num_allocs_failed_limit: 9.
num_arena_births: 624.
num_arena_deaths: 0.
num_vsnodes_births: 9.
num_vsnodes_deaths: 0.
num_space_committed: 1092.
num_space_uncommitted: 0.
num_chunks_returned_to_freelist: 9.
num_chunks_taken_from_freelist: 2830.
num_chunk_merges: 9.
num_chunk_splits: 2005.
num_chunks_enlarged: 1547.
num_purges: 2.

CodeHeap 'non-profiled nmethods': size=238912Kb used=11372Kb max_used=11372Kb free=227540Kb
 bounds [0x000001d553610000, 0x000001d554130000, 0x000001d561f60000]
CodeHeap 'non-nmethods': size=6848Kb used=1349Kb max_used=1349Kb free=5498Kb
 bounds [0x000001d552f60000, 0x000001d5531d0000, 0x000001d553610000]
 total_blobs=7113 nmethods=6522 adapters=517
 compilation: enabled
              stopped_count=0, restarted_count=0
 full_count=0

Compilation events (20 events):
Event: 255.862 Thread 0x000001d56c024ef0 6512       1       sun.nio.ch.WindowsSelectorImpl$SubSelector::processSelectedKeys (75 bytes)
Event: 255.862 Thread 0x000001d56c024ef0 nmethod 6512 0x000001d554127310 code [0x000001d5541274c0, 0x000001d554127668]
Event: 255.862 Thread 0x000001d56c024ef0 6513   !   1       sun.nio.ch.WindowsSelectorImpl::resetWakeupSocket (41 bytes)
Event: 255.862 Thread 0x000001d56c024ef0 nmethod 6513 0x000001d554127790 code [0x000001d554127940, 0x000001d554127ba8]
Event: 258.870 Thread 0x000001d56c024ef0 6515       1       sun.nio.ch.SelectorImpl::select (35 bytes)
Event: 258.871 Thread 0x000001d56c024ef0 nmethod 6515 0x000001d554127d10 code [0x000001d554127ec0, 0x000001d5541280d8]
Event: 268.232 Thread 0x000001d56c024ef0 6516       1       org.apache.coyote.AbstractProtocol$$Lambda$1186/0x00000008008d0af8::run (8 bytes)
Event: 268.233 Thread 0x000001d56c024ef0 nmethod 6516 0x000001d554128190 code [0x000001d554128340, 0x000001d554128428]
Event: 268.233 Thread 0x000001d56c024ef0 6517       1       org.apache.coyote.AbstractProtocol::lambda$startAsyncTimeout$1 (46 bytes)
Event: 268.234 Thread 0x000001d56c024ef0 nmethod 6517 0x000001d554128510 code [0x000001d5541286e0, 0x000001d5541288d8]
Event: 271.957 Thread 0x000001d56c024ef0 6518       1       sun.nio.ch.SelectorImpl::keys (9 bytes)
Event: 271.958 Thread 0x000001d56c024ef0 nmethod 6518 0x000001d554128a10 code [0x000001d554128bc0, 0x000001d554128d28]
Event: 272.269 Thread 0x000001d56c024ef0 6519       1       org.springframework.boot.devtools.filewatch.DirectorySnapshot::<init> (70 bytes)
Event: 272.273 Thread 0x000001d56c024ef0 nmethod 6519 0x000001d554128e10 code [0x000001d5541290a0, 0x000001d554129988]
Event: 272.273 Thread 0x000001d56c024ef0 6520       1       org.springframework.boot.devtools.filewatch.DirectorySnapshot$$Lambda$1161/0x00000008008c36a0::<init> (10 bytes)
Event: 272.273 Thread 0x000001d56c024ef0 nmethod 6520 0x000001d554129e90 code [0x000001d55412a020, 0x000001d55412a138]
Event: 273.295 Thread 0x000001d56c024ef0 6521       1       org.springframework.boot.devtools.filewatch.FileSystemWatcher$Watcher::getCurrentSnapshots (63 bytes)
Event: 273.298 Thread 0x000001d56c024ef0 nmethod 6521 0x000001d55412a190 code [0x000001d55412a3a0, 0x000001d55412a778]
Event: 273.754 Thread 0x000001d56c024ef0 6522       1       org.springframework.boot.devtools.filewatch.FileSystemWatcher$Watcher::scan (63 bytes)
Event: 273.755 Thread 0x000001d56c024ef0 nmethod 6522 0x000001d55412aa90 code [0x000001d55412ac80, 0x000001d55412ae88]

GC Heap History (20 events):
Event: 6.410 GC heap before
{Heap before GC invocations=17 (full 0):
 garbage-first heap   total 73728K, used 55219K [0x0000000742200000, 0x0000000800000000)
  region size 2048K, 21 young (43008K), 2 survivors (4096K)
 Metaspace       used 45574K, committed 45952K, reserved 1089536K
  class space    used 5691K, committed 5888K, reserved 1048576K
}
Event: 6.415 GC heap after
{Heap after GC invocations=18 (full 0):
 garbage-first heap   total 73728K, used 19635K [0x0000000742200000, 0x0000000800000000)
  region size 2048K, 2 young (4096K), 2 survivors (4096K)
 Metaspace       used 45574K, committed 45952K, reserved 1089536K
  class space    used 5691K, committed 5888K, reserved 1048576K
}
Event: 6.929 GC heap before
{Heap before GC invocations=18 (full 0):
 garbage-first heap   total 73728K, used 58547K [0x0000000742200000, 0x0000000800000000)
  region size 2048K, 21 young (43008K), 2 survivors (4096K)
 Metaspace       used 49228K, committed 49600K, reserved 1097728K
  class space    used 6366K, committed 6528K, reserved 1048576K
}
Event: 6.935 GC heap after
{Heap after GC invocations=19 (full 0):
 garbage-first heap   total 73728K, used 20813K [0x0000000742200000, 0x0000000800000000)
  region size 2048K, 2 young (4096K), 2 survivors (4096K)
 Metaspace       used 49228K, committed 49600K, reserved 1097728K
  class space    used 6366K, committed 6528K, reserved 1048576K
}
Event: 7.348 GC heap before
{Heap before GC invocations=19 (full 0):
 garbage-first heap   total 73728K, used 59725K [0x0000000742200000, 0x0000000800000000)
  region size 2048K, 21 young (43008K), 2 survivors (4096K)
 Metaspace       used 52754K, committed 53184K, reserved 1097728K
  class space    used 6841K, committed 7040K, reserved 1048576K
}
Event: 7.355 GC heap after
{Heap after GC invocations=20 (full 0):
 garbage-first heap   total 161792K, used 21572K [0x0000000742200000, 0x0000000800000000)
  region size 2048K, 2 young (4096K), 2 survivors (4096K)
 Metaspace       used 52754K, committed 53184K, reserved 1097728K
  class space    used 6841K, committed 7040K, reserved 1048576K
}
Event: 8.262 GC heap before
{Heap before GC invocations=20 (full 0):
 garbage-first heap   total 161792K, used 93252K [0x0000000742200000, 0x0000000800000000)
  region size 2048K, 38 young (77824K), 2 survivors (4096K)
 Metaspace       used 59189K, committed 59520K, reserved 1105920K
  class space    used 7828K, committed 8000K, reserved 1048576K
}
Event: 8.271 GC heap after
{Heap after GC invocations=21 (full 0):
 garbage-first heap   total 161792K, used 23349K [0x0000000742200000, 0x0000000800000000)
  region size 2048K, 3 young (6144K), 3 survivors (6144K)
 Metaspace       used 59189K, committed 59520K, reserved 1105920K
  class space    used 7828K, committed 8000K, reserved 1048576K
}
Event: 9.207 GC heap before
{Heap before GC invocations=22 (full 0):
 garbage-first heap   total 110592K, used 82741K [0x0000000742200000, 0x0000000800000000)
  region size 2048K, 32 young (65536K), 3 survivors (6144K)
 Metaspace       used 62590K, committed 62976K, reserved 1105920K
  class space    used 8309K, committed 8512K, reserved 1048576K
}
Event: 9.217 GC heap after
{Heap after GC invocations=23 (full 0):
 garbage-first heap   total 110592K, used 25143K [0x0000000742200000, 0x0000000800000000)
  region size 2048K, 3 young (6144K), 3 survivors (6144K)
 Metaspace       used 62590K, committed 62976K, reserved 1105920K
  class space    used 8309K, committed 8512K, reserved 1048576K
}
Event: 24.819 GC heap before
{Heap before GC invocations=23 (full 0):
 garbage-first heap   total 110592K, used 84535K [0x0000000742200000, 0x0000000800000000)
  region size 2048K, 32 young (65536K), 3 survivors (6144K)
 Metaspace       used 66817K, committed 67264K, reserved 1114112K
  class space    used 8921K, committed 9152K, reserved 1048576K
}
Event: 24.831 GC heap after
{Heap after GC invocations=24 (full 0):
 garbage-first heap   total 110592K, used 28372K [0x0000000742200000, 0x0000000800000000)
  region size 2048K, 4 young (8192K), 4 survivors (8192K)
 Metaspace       used 66817K, committed 67264K, reserved 1114112K
  class space    used 8921K, committed 9152K, reserved 1048576K
}
Event: 181.751 GC heap before
{Heap before GC invocations=24 (full 0):
 garbage-first heap   total 110592K, used 54996K [0x0000000742200000, 0x0000000800000000)
  region size 2048K, 19 young (38912K), 4 survivors (8192K)
 Metaspace       used 68853K, committed 69312K, reserved 1114112K
  class space    used 9176K, committed 9408K, reserved 1048576K
}
Event: 181.801 GC heap after
{Heap after GC invocations=25 (full 1):
 garbage-first heap   total 90112K, used 23889K [0x0000000742200000, 0x0000000800000000)
  region size 2048K, 0 young (0K), 0 survivors (0K)
 Metaspace       used 68853K, committed 69312K, reserved 1114112K
  class space    used 9176K, committed 9408K, reserved 1048576K
}
Event: 182.373 GC heap before
{Heap before GC invocations=25 (full 1):
 garbage-first heap   total 90112K, used 68945K [0x0000000742200000, 0x0000000800000000)
  region size 2048K, 23 young (47104K), 0 survivors (0K)
 Metaspace       used 68984K, committed 69376K, reserved 1114112K
  class space    used 9195K, committed 9408K, reserved 1048576K
}
Event: 182.378 GC heap after
{Heap after GC invocations=26 (full 1):
 garbage-first heap   total 90112K, used 27139K [0x0000000742200000, 0x0000000800000000)
  region size 2048K, 2 young (4096K), 2 survivors (4096K)
 Metaspace       used 68984K, committed 69376K, reserved 1114112K
  class space    used 9195K, committed 9408K, reserved 1048576K
}
Event: 182.838 GC heap before
{Heap before GC invocations=26 (full 1):
 garbage-first heap   total 90112K, used 68099K [0x0000000742200000, 0x0000000800000000)
  region size 2048K, 23 young (47104K), 2 survivors (4096K)
 Metaspace       used 69130K, committed 69568K, reserved 1114112K
  class space    used 9211K, committed 9408K, reserved 1048576K
}
Event: 182.844 GC heap after
{Heap after GC invocations=27 (full 1):
 garbage-first heap   total 90112K, used 28331K [0x0000000742200000, 0x0000000800000000)
  region size 2048K, 3 young (6144K), 3 survivors (6144K)
 Metaspace       used 69130K, committed 69568K, reserved 1114112K
  class space    used 9211K, committed 9408K, reserved 1048576K
}
Event: 273.316 GC heap before
{Heap before GC invocations=27 (full 1):
 garbage-first heap   total 90112K, used 69291K [0x0000000742200000, 0x0000000800000000)
  region size 2048K, 23 young (47104K), 3 survivors (6144K)
 Metaspace       used 69418K, committed 69888K, reserved 1114112K
  class space    used 9244K, committed 9472K, reserved 1048576K
}
Event: 273.338 GC heap after
{Heap after GC invocations=28 (full 1):
 garbage-first heap   total 90112K, used 29523K [0x0000000742200000, 0x0000000800000000)
  region size 2048K, 2 young (4096K), 2 survivors (4096K)
 Metaspace       used 69418K, committed 69888K, reserved 1114112K
  class space    used 9244K, committed 9472K, reserved 1048576K
}

Deoptimization events (20 events):
Event: 183.236 Thread 0x000001d570e04ad0 DEOPT PACKING pc=0x000001d553e9272c sp=0x0000007a64ffdc60
Event: 183.236 Thread 0x000001d570e04ad0 DEOPT UNPACKING pc=0x000001d552fadece sp=0x0000007a64ffd1c8 mode 1
Event: 221.647 Thread 0x000001d570e00070 DEOPT PACKING pc=0x000001d553a592b4 sp=0x0000007a671faf10
Event: 221.647 Thread 0x000001d570e00070 DEOPT UNPACKING pc=0x000001d552fadece sp=0x0000007a671fa448 mode 1
Event: 221.647 Thread 0x000001d570e00070 DEOPT PACKING pc=0x000001d553a5848c sp=0x0000007a671fb000
Event: 221.647 Thread 0x000001d570e00070 DEOPT UNPACKING pc=0x000001d552fadece sp=0x0000007a671fa598 mode 1
Event: 221.647 Thread 0x000001d570e00070 DEOPT PACKING pc=0x000001d553a55dd4 sp=0x0000007a671fb150
Event: 221.647 Thread 0x000001d570e00070 DEOPT UNPACKING pc=0x000001d552fadece sp=0x0000007a671fa720 mode 1
Event: 221.649 Thread 0x000001d570e00070 DEOPT PACKING pc=0x000001d553a592b4 sp=0x0000007a671faf10
Event: 221.649 Thread 0x000001d570e00070 DEOPT UNPACKING pc=0x000001d552fadece sp=0x0000007a671fa448 mode 1
Event: 221.649 Thread 0x000001d570e00070 DEOPT PACKING pc=0x000001d553a5848c sp=0x0000007a671fb000
Event: 221.649 Thread 0x000001d570e00070 DEOPT UNPACKING pc=0x000001d552fadece sp=0x0000007a671fa598 mode 1
Event: 221.649 Thread 0x000001d570e00070 DEOPT PACKING pc=0x000001d553a55dd4 sp=0x0000007a671fb150
Event: 221.649 Thread 0x000001d570e00070 DEOPT UNPACKING pc=0x000001d552fadece sp=0x0000007a671fa720 mode 1
Event: 221.649 Thread 0x000001d570e00070 DEOPT PACKING pc=0x000001d553a592b4 sp=0x0000007a671faf10
Event: 221.650 Thread 0x000001d570e00070 DEOPT UNPACKING pc=0x000001d552fadece sp=0x0000007a671fa448 mode 1
Event: 221.650 Thread 0x000001d570e00070 DEOPT PACKING pc=0x000001d553a5848c sp=0x0000007a671fb000
Event: 221.650 Thread 0x000001d570e00070 DEOPT UNPACKING pc=0x000001d552fadece sp=0x0000007a671fa598 mode 1
Event: 221.650 Thread 0x000001d570e00070 DEOPT PACKING pc=0x000001d553a55dd4 sp=0x0000007a671fb150
Event: 221.650 Thread 0x000001d570e00070 DEOPT UNPACKING pc=0x000001d552fadece sp=0x0000007a671fa720 mode 1

Classes unloaded (0 events):
No events

Classes redefined (1 events):
Event: 179.973 Thread 0x000001d56b4e1510 redefined class name=com.frabelovix.wallet.controller.WalletItemController, count=1

Internal exceptions (20 events):
Event: 182.838 Thread 0x000001d570e04ad0 Exception <a 'java/lang/ClassNotFoundException'{0x0000000744dfdf38}: com/frabelovix/wallet/entitty/UserCustomizer> (0x0000000744dfdf38) 
thrown [t:\workspace\open\src\hotspot\share\classfile\systemDictionary.cpp, line 256]
Event: 182.871 Thread 0x000001d570e04ad0 Exception <a 'java/lang/reflect/InvocationTargetException'{0x000000074748b0f0}> (0x000000074748b0f0) 
thrown [t:\workspace\open\src\hotspot\share\runtime\reflection.cpp, line 1157]
Event: 182.886 Thread 0x000001d570e04ad0 Exception <a 'java/lang/ClassNotFoundException'{0x0000000747559f30}: java/lang/ObjectCustomizer> (0x0000000747559f30) 
thrown [t:\workspace\open\src\hotspot\share\classfile\systemDictionary.cpp, line 256]
Event: 182.887 Thread 0x000001d570e04ad0 Exception <a 'java/lang/ClassNotFoundException'{0x0000000747563c40}: com/frabelovix/wallet/entitty/UserWalletCustomizer> (0x0000000747563c40) 
thrown [t:\workspace\open\src\hotspot\share\classfile\systemDictionary.cpp, line 256]
Event: 182.891 Thread 0x000001d570e04ad0 Exception <a 'java/lang/ClassNotFoundException'{0x000000074758daa8}: java/lang/ObjectCustomizer> (0x000000074758daa8) 
thrown [t:\workspace\open\src\hotspot\share\classfile\systemDictionary.cpp, line 256]
Event: 182.892 Thread 0x000001d570e04ad0 Exception <a 'java/lang/ClassNotFoundException'{0x0000000747597608}: com/frabelovix/wallet/entitty/WalletCustomizer> (0x0000000747597608) 
thrown [t:\workspace\open\src\hotspot\share\classfile\systemDictionary.cpp, line 256]
Event: 182.956 Thread 0x000001d570e04ad0 Exception <a 'java/lang/ClassNotFoundException'{0x0000000746d4e1e0}: java/lang/ObjectCustomizer> (0x0000000746d4e1e0) 
thrown [t:\workspace\open\src\hotspot\share\classfile\systemDictionary.cpp, line 256]
Event: 182.957 Thread 0x000001d570e04ad0 Exception <a 'java/lang/ClassNotFoundException'{0x0000000746d57ef0}: com/frabelovix/wallet/entitty/WalletItemCustomizer> (0x0000000746d57ef0) 
thrown [t:\workspace\open\src\hotspot\share\classfile\systemDictionary.cpp, line 256]
Event: 182.981 Thread 0x000001d570e04ad0 Exception <a 'java/lang/reflect/InvocationTargetException'{0x00000007466a2708}> (0x00000007466a2708) 
thrown [t:\workspace\open\src\hotspot\share\runtime\reflection.cpp, line 1157]
Event: 182.985 Thread 0x000001d570e04ad0 Exception <a 'java/lang/reflect/InvocationTargetException'{0x00000007466bda20}> (0x00000007466bda20) 
thrown [t:\workspace\open\src\hotspot\share\runtime\reflection.cpp, line 1157]
Event: 182.988 Thread 0x000001d570e04ad0 Exception <a 'java/lang/reflect/InvocationTargetException'{0x00000007466cb4d0}> (0x00000007466cb4d0) 
thrown [t:\workspace\open\src\hotspot\share\runtime\reflection.cpp, line 1157]
Event: 183.003 Thread 0x000001d570e04ad0 Exception <a 'java/lang/ClassNotFoundException'{0x000000074675e8f8}: java/lang/ObjectCustomizer> (0x000000074675e8f8) 
thrown [t:\workspace\open\src\hotspot\share\classfile\systemDictionary.cpp, line 256]
Event: 183.004 Thread 0x000001d570e04ad0 Exception <a 'java/lang/ClassNotFoundException'{0x0000000746767828}: org/springframework/security/config/annotation/web/configuration/WebSecurityConfigurerAdapterCustomizer> (0x0000000746767828) 
thrown [t:\workspace\open\src\hotspot\share\classfile\systemDictionary.cpp, line 256]
Event: 183.005 Thread 0x000001d570e04ad0 Exception <a 'java/lang/ClassNotFoundException'{0x00000007467775f0}: com/frabelovix/wallet/security/config/SecurityConfigurationCustomizer> (0x00000007467775f0) 
thrown [t:\workspace\open\src\hotspot\share\classfile\systemDictionary.cpp, line 256]
Event: 183.006 Thread 0x000001d570e04ad0 Exception <a 'java/lang/ClassNotFoundException'{0x0000000746780720}: com/frabelovix/wallet/security/config/SecurityConfiguration$$EnhancerBySpringCGLIB$$39c38545Customizer> (0x0000000746780720) 
thrown [t:\workspace\open\src\hotspot\share\classfile\systemDictionary.cpp, line 256]
Event: 183.007 Thread 0x000001d570e04ad0 Exception <a 'java/lang/ClassNotFoundException'{0x0000000746792db0}: org/springframework/context/annotation/ConfigurationClassEnhancer$EnhancedConfigurationCustomizer> (0x0000000746792db0) 
thrown [t:\workspace\open\src\hotspot\share\classfile\systemDictionary.cpp, line 256]
Event: 183.008 Thread 0x000001d570e04ad0 Exception <a 'java/lang/ClassNotFoundException'{0x0000000746797d30}: org/springframework/beans/factory/BeanFactoryAwareCustomizer> (0x0000000746797d30) 
thrown [t:\workspace\open\src\hotspot\share\classfile\systemDictionary.cpp, line 256]
Event: 183.009 Thread 0x000001d570e04ad0 Exception <a 'java/lang/ClassNotFoundException'{0x000000074679e248}: org/springframework/beans/factory/AwareCustomizer> (0x000000074679e248) 
thrown [t:\workspace\open\src\hotspot\share\classfile\systemDictionary.cpp, line 256]
Event: 183.010 Thread 0x000001d570e04ad0 Exception <a 'java/lang/ClassNotFoundException'{0x00000007467a37a8}: org/springframework/security/config/annotation/web/WebSecurityConfigurerCustomizer> (0x00000007467a37a8) 
thrown [t:\workspace\open\src\hotspot\share\classfile\systemDictionary.cpp, line 256]
Event: 183.011 Thread 0x000001d570e04ad0 Exception <a 'java/lang/ClassNotFoundException'{0x00000007467a8c98}: org/springframework/security/config/annotation/SecurityConfigurerCustomizer> (0x00000007467a8c98) 
thrown [t:\workspace\open\src\hotspot\share\classfile\systemDictionary.cpp, line 256]

Events (20 events):
Event: 214.270 Executing  VM operation: Cleanup done
Event: 221.641 Thread 0x000001d570e00070 Thread added: 0x000001d570e00070
Event: 222.321 Executing  VM operation: Cleanup
Event: 222.321 Executing  VM operation: Cleanup done
Event: 231.637 Thread 0x000001d570e005c0 Thread added: 0x000001d570e005c0
Event: 231.638 Thread 0x000001d570e02af0 Thread added: 0x000001d570e02af0
Event: 232.378 Executing  VM operation: Cleanup
Event: 232.378 Executing  VM operation: Cleanup done
Event: 241.464 Executing  VM operation: Cleanup
Event: 241.464 Executing  VM operation: Cleanup done
Event: 257.565 Executing  VM operation: Cleanup
Event: 257.566 Executing  VM operation: Cleanup done
Event: 273.316 Executing  VM operation: G1CollectForAllocation
Event: 273.338 Executing  VM operation: G1CollectForAllocation done
Event: 273.338 Executing  VM operation: Cleanup
Event: 273.340 Executing  VM operation: Cleanup done
Event: 292.073 Thread 0x000001d570e06010 Thread added: 0x000001d570e06010
Event: 292.482 Executing  VM operation: Cleanup
Event: 292.482 Executing  VM operation: Cleanup done
Event: 294.066 Executing  VM operation: RedefineClasses


Dynamic libraries:
0x00007ff7de7b0000 - 0x00007ff7de7be000 	E:\eclipse\plugins\org.eclipse.justj.openjdk.hotspot.jre.full.win32.x86_64_16.0.1.v20210528-1205\jre\bin\javaw.exe
0x00007ffc403b0000 - 0x00007ffc405a5000 	C:\WINDOWS\SYSTEM32\ntdll.dll
0x00007ffc3f120000 - 0x00007ffc3f1de000 	C:\WINDOWS\System32\KERNEL32.DLL
0x00007ffc3de30000 - 0x00007ffc3e0f9000 	C:\WINDOWS\System32\KERNELBASE.dll
0x00007ffc3e300000 - 0x00007ffc3e400000 	C:\WINDOWS\System32\ucrtbase.dll
0x00007ffc339e0000 - 0x00007ffc339f8000 	E:\eclipse\plugins\org.eclipse.justj.openjdk.hotspot.jre.full.win32.x86_64_16.0.1.v20210528-1205\jre\bin\jli.dll
0x00007ffc3ed70000 - 0x00007ffc3ef11000 	C:\WINDOWS\System32\USER32.dll
0x00007ffc3e2d0000 - 0x00007ffc3e2f2000 	C:\WINDOWS\System32\win32u.dll
0x00007ffc3fb10000 - 0x00007ffc3fb3b000 	C:\WINDOWS\System32\GDI32.dll
0x00007ffc3dad0000 - 0x00007ffc3dbdb000 	C:\WINDOWS\System32\gdi32full.dll
0x00007ffc3dc30000 - 0x00007ffc3dccd000 	C:\WINDOWS\System32\msvcp_win.dll
0x00007ffc2a6c0000 - 0x00007ffc2a6d9000 	E:\eclipse\plugins\org.eclipse.justj.openjdk.hotspot.jre.full.win32.x86_64_16.0.1.v20210528-1205\jre\bin\VCRUNTIME140.dll
0x00007ffc1e670000 - 0x00007ffc1e90a000 	C:\WINDOWS\WinSxS\amd64_microsoft.windows.common-controls_6595b64144ccf1df_6.0.19041.1110_none_60b5254171f9507e\COMCTL32.dll
0x00007ffc3ecd0000 - 0x00007ffc3ed6e000 	C:\WINDOWS\System32\msvcrt.dll
0x00007ffc3f060000 - 0x00007ffc3f090000 	C:\WINDOWS\System32\IMM32.DLL
0x00007ffc39140000 - 0x00007ffc3914c000 	E:\eclipse\plugins\org.eclipse.justj.openjdk.hotspot.jre.full.win32.x86_64_16.0.1.v20210528-1205\jre\bin\vcruntime140_1.dll
0x00007ffc294b0000 - 0x00007ffc29541000 	E:\eclipse\plugins\org.eclipse.justj.openjdk.hotspot.jre.full.win32.x86_64_16.0.1.v20210528-1205\jre\bin\msvcp140.dll
0x00007ffbd74d0000 - 0x00007ffbd807b000 	E:\eclipse\plugins\org.eclipse.justj.openjdk.hotspot.jre.full.win32.x86_64_16.0.1.v20210528-1205\jre\bin\server\jvm.dll
0x00007ffc3e5f0000 - 0x00007ffc3e69c000 	C:\WINDOWS\System32\ADVAPI32.dll
0x00007ffc3e400000 - 0x00007ffc3e49b000 	C:\WINDOWS\System32\sechost.dll
0x00007ffc3f710000 - 0x00007ffc3f83a000 	C:\WINDOWS\System32\RPCRT4.dll
0x00007ffc3f5f0000 - 0x00007ffc3f5f8000 	C:\WINDOWS\System32\PSAPI.DLL
0x00007ffc29d30000 - 0x00007ffc29d39000 	C:\WINDOWS\SYSTEM32\WSOCK32.dll
0x00007ffc3f920000 - 0x00007ffc3f98b000 	C:\WINDOWS\System32\WS2_32.dll
0x00007ffc213b0000 - 0x00007ffc213d7000 	C:\WINDOWS\SYSTEM32\WINMM.dll
0x00007ffc35da0000 - 0x00007ffc35daa000 	C:\WINDOWS\SYSTEM32\VERSION.dll
0x00007ffc3c5c0000 - 0x00007ffc3c5d2000 	C:\WINDOWS\SYSTEM32\kernel.appcore.dll
0x00007ffc36b00000 - 0x00007ffc36b0a000 	E:\eclipse\plugins\org.eclipse.justj.openjdk.hotspot.jre.full.win32.x86_64_16.0.1.v20210528-1205\jre\bin\jimage.dll
0x00007ffc3c0f0000 - 0x00007ffc3c2d4000 	C:\WINDOWS\SYSTEM32\DBGHELP.DLL
0x00007ffc20440000 - 0x00007ffc2046c000 	C:\WINDOWS\SYSTEM32\dbgcore.DLL
0x00007ffc3e100000 - 0x00007ffc3e183000 	C:\WINDOWS\System32\bcryptPrimitives.dll
0x00007ffc2a680000 - 0x00007ffc2a6bb000 	E:\eclipse\plugins\org.eclipse.justj.openjdk.hotspot.jre.full.win32.x86_64_16.0.1.v20210528-1205\jre\bin\jdwp.dll
0x00007ffc345d0000 - 0x00007ffc345de000 	E:\eclipse\plugins\org.eclipse.justj.openjdk.hotspot.jre.full.win32.x86_64_16.0.1.v20210528-1205\jre\bin\instrument.dll
0x00007ffc2a1c0000 - 0x00007ffc2a1e5000 	E:\eclipse\plugins\org.eclipse.justj.openjdk.hotspot.jre.full.win32.x86_64_16.0.1.v20210528-1205\jre\bin\java.dll
0x00007ffc2a660000 - 0x00007ffc2a678000 	E:\eclipse\plugins\org.eclipse.justj.openjdk.hotspot.jre.full.win32.x86_64_16.0.1.v20210528-1205\jre\bin\zip.dll
0x00007ffc3fb40000 - 0x00007ffc4027f000 	C:\WINDOWS\System32\SHELL32.dll
0x00007ffc3b8a0000 - 0x00007ffc3c030000 	C:\WINDOWS\SYSTEM32\windows.storage.dll
0x00007ffc3f290000 - 0x00007ffc3f5e5000 	C:\WINDOWS\System32\combase.dll
0x00007ffc3d370000 - 0x00007ffc3d39c000 	C:\WINDOWS\SYSTEM32\Wldp.dll
0x00007ffc3f1e0000 - 0x00007ffc3f28e000 	C:\WINDOWS\System32\SHCORE.dll
0x00007ffc3fab0000 - 0x00007ffc3fb05000 	C:\WINDOWS\System32\shlwapi.dll
0x00007ffc3da10000 - 0x00007ffc3da2f000 	C:\WINDOWS\SYSTEM32\profapi.dll
0x00007ffc34540000 - 0x00007ffc3454c000 	E:\eclipse\plugins\org.eclipse.justj.openjdk.hotspot.jre.full.win32.x86_64_16.0.1.v20210528-1205\jre\bin\dt_socket.dll
0x00007ffc3ce60000 - 0x00007ffc3ce9b000 	C:\WINDOWS\SYSTEM32\IPHLPAPI.DLL
0x00007ffc3d150000 - 0x00007ffc3d1ba000 	C:\WINDOWS\system32\mswsock.dll
0x00007ffc3cea0000 - 0x00007ffc3cf6c000 	C:\WINDOWS\SYSTEM32\DNSAPI.dll
0x00007ffc3ef20000 - 0x00007ffc3ef28000 	C:\WINDOWS\System32\NSI.dll
0x00007ffc2e5f0000 - 0x00007ffc2e5fa000 	C:\Windows\System32\rasadhlp.dll
0x00007ffc2df80000 - 0x00007ffc2dfff000 	C:\WINDOWS\System32\fwpuclnt.dll
0x00007ffc3e2a0000 - 0x00007ffc3e2c7000 	C:\WINDOWS\System32\bcrypt.dll
0x00007ffc2a1a0000 - 0x00007ffc2a1b9000 	E:\eclipse\plugins\org.eclipse.justj.openjdk.hotspot.jre.full.win32.x86_64_16.0.1.v20210528-1205\jre\bin\net.dll
0x00007ffc337d0000 - 0x00007ffc338d8000 	C:\WINDOWS\SYSTEM32\WINHTTP.dll
0x00007ffc29740000 - 0x00007ffc29753000 	E:\eclipse\plugins\org.eclipse.justj.openjdk.hotspot.jre.full.win32.x86_64_16.0.1.v20210528-1205\jre\bin\nio.dll
0x00007ffc2a190000 - 0x00007ffc2a199000 	E:\eclipse\plugins\org.eclipse.justj.openjdk.hotspot.jre.full.win32.x86_64_16.0.1.v20210528-1205\jre\bin\management.dll
0x00007ffc29fe0000 - 0x00007ffc29feb000 	E:\eclipse\plugins\org.eclipse.justj.openjdk.hotspot.jre.full.win32.x86_64_16.0.1.v20210528-1205\jre\bin\management_ext.dll
0x00007ffc374b0000 - 0x00007ffc374c7000 	C:\WINDOWS\system32\napinsp.dll
0x00007ffc37490000 - 0x00007ffc374ab000 	C:\WINDOWS\system32\pnrpnsp.dll
0x00007ffc38d30000 - 0x00007ffc38d45000 	C:\WINDOWS\system32\wshbth.dll
0x00007ffc39060000 - 0x00007ffc3907d000 	C:\WINDOWS\system32\NLAapi.dll
0x00007ffc37470000 - 0x00007ffc37482000 	C:\WINDOWS\System32\winrnr.dll
0x00007ffc3d6d0000 - 0x00007ffc3d6e8000 	C:\WINDOWS\SYSTEM32\CRYPTSP.dll
0x00007ffc3caf0000 - 0x00007ffc3cb24000 	C:\WINDOWS\system32\rsaenh.dll
0x00007ffc3d9d0000 - 0x00007ffc3d9fe000 	C:\WINDOWS\SYSTEM32\USERENV.dll
0x00007ffc3d2e0000 - 0x00007ffc3d2ec000 	C:\WINDOWS\SYSTEM32\CRYPTBASE.dll
0x00007ffc35fd0000 - 0x00007ffc35fe7000 	C:\WINDOWS\SYSTEM32\dhcpcsvc6.DLL
0x00007ffc35ff0000 - 0x00007ffc3600d000 	C:\WINDOWS\SYSTEM32\dhcpcsvc.DLL
0x00007ffc297d0000 - 0x00007ffc297e0000 	E:\eclipse\plugins\org.eclipse.justj.openjdk.hotspot.jre.full.win32.x86_64_16.0.1.v20210528-1205\jre\bin\verify.dll
0x00007ffc29730000 - 0x00007ffc2973e000 	E:\eclipse\plugins\org.eclipse.justj.openjdk.hotspot.jre.full.win32.x86_64_16.0.1.v20210528-1205\jre\bin\sunmscapi.dll
0x00007ffc3dcd0000 - 0x00007ffc3de26000 	C:\WINDOWS\System32\CRYPT32.dll
0x00007ffc3d3e0000 - 0x00007ffc3d407000 	C:\WINDOWS\SYSTEM32\ncrypt.dll
0x00007ffc3d3a0000 - 0x00007ffc3d3db000 	C:\WINDOWS\SYSTEM32\NTASN1.dll
0x00007ffc29720000 - 0x00007ffc29727000 	C:\WINDOWS\system32\wshunix.dll

dbghelp: loaded successfully - version: 4.0.5 - missing functions: none
symbol engine: initialized successfully - sym options: 0x614 - pdb path: .;E:\eclipse\plugins\org.eclipse.justj.openjdk.hotspot.jre.full.win32.x86_64_16.0.1.v20210528-1205\jre\bin;C:\WINDOWS\SYSTEM32;C:\WINDOWS\WinSxS\amd64_microsoft.windows.common-controls_6595b64144ccf1df_6.0.19041.1110_none_60b5254171f9507e;E:\eclipse\plugins\org.eclipse.justj.openjdk.hotspot.jre.full.win32.x86_64_16.0.1.v20210528-1205\jre\bin\server

VM Arguments:
jvm_args: -XX:+ShowCodeDetailsInExceptionMessages -agentlib:jdwp=transport=dt_socket,suspend=y,address=localhost:56472 -Dcom.sun.management.jmxremote -Dcom.sun.management.jmxremote.port=56470 -Dcom.sun.management.jmxremote.authenticate=false -Dcom.sun.management.jmxremote.ssl=false -Djava.rmi.server.hostname=localhost -Dspring.jmx.enabled=true -Dspring.application.admin.enabled=true -XX:TieredStopAtLevel=1 -Dspring.boot.project.name=wallet -javaagent:E:\sts-4.11.1.RELEASE\configuration\org.eclipse.osgi\258\0\.cp\lib\javaagent-shaded.jar -Dfile.encoding=UTF-8 
java_command: com.frabelovix.wallet.WalletApplication --spring.output.ansi.enabled=always
java_class_path (initial): E:\Cursos\Java\Projetos\IntegracaoContinua\wallet\target\classes;E:\sts-4.11.1.RELEASE\plugins\org.junit_4.13.0.v20200204-1500.jar;E:\sts-4.11.1.RELEASE\plugins\org.hamcrest.core_1.3.0.v20180420-1519.jar;C:\Users\frabe\.m2\repository\org\springframework\boot\spring-boot-starter\2.5.6\spring-boot-starter-2.5.6.jar;C:\Users\frabe\.m2\repository\org\springframework\boot\spring-boot\2.5.6\spring-boot-2.5.6.jar;C:\Users\frabe\.m2\repository\org\springframework\spring-context\5.3.12\spring-context-5.3.12.jar;C:\Users\frabe\.m2\repository\org\springframework\boot\spring-boot-autoconfigure\2.5.6\spring-boot-autoconfigure-2.5.6.jar;C:\Users\frabe\.m2\repository\org\springframework\boot\spring-boot-starter-logging\2.5.6\spring-boot-starter-logging-2.5.6.jar;C:\Users\frabe\.m2\repository\ch\qos\logback\logback-classic\1.2.6\logback-classic-1.2.6.jar;C:\Users\frabe\.m2\repository\ch\qos\logback\logback-core\1.2.6\logback-core-1.2.6.jar;C:\Users\frabe\.m2\repository\org\apache\logging\log4j\log4j-to-slf4j\2.14.1\log4j-to-slf4j-2.14.1.jar;C:\Users\frabe\.m2\repository\org\apache\logging\log4j\log4j-api\2.14.1\log4j-api-2.14.1.jar;C:\Users\frabe\.m2\repository\org\slf4j\jul-to-slf4j\1.7.32\jul-to-slf4j-1.7.32.jar;C:\Users\frabe\.m2\repository\jakarta\annotation\jakarta.annotation-api\1.3.5\jakarta.annotation-api-1.3.5.jar;C:\Users\frabe\.m2\repository\org\springframework\spring-core\5.3.12\spring-core-5.3.12.jar;C:\Users\frabe\.m2\repository\org\springframework\spring-jcl\5.3.12\spring-jcl-5.3.12.jar;C:\Users\frabe\.m2\repository\org\yaml\snakeyaml\1.28\snakeyaml-1.28.jar;C:\Users\frabe\.m2\repository\org\springframework\boot\spring-boot-devtools\2.5.6\spring-boot-devtools-2.5.6.jar;C:\Users\frabe\.m2\repository\org\slf4j\slf4j-api\1.7.32\slf4j-api-1.7.32.jar;C:\Users\frabe\.m2\repository\jakarta\xml\bind\jakarta.xml.bind-api\2.3.3\jakarta.xml.bind-api-2.3.3.jar;C:\Users\frabe\.m2\repository\jakarta\activation\jakarta.activation-api\1.2.2\jakarta.activ
Launcher Type: SUN_STANDARD

[Global flags]
     intx CICompilerCount                          = 3                                         {product} {ergonomic}
     uint ConcGCThreads                            = 1                                         {product} {ergonomic}
     uint G1ConcRefinementThreads                  = 4                                         {product} {ergonomic}
   size_t G1HeapRegionSize                         = 2097152                                   {product} {ergonomic}
    uintx GCDrainStackTargetSize                   = 64                                        {product} {ergonomic}
   size_t InitialHeapSize                          = 199229440                                 {product} {ergonomic}
     bool ManagementServer                         = true                                      {product} {command line}
   size_t MarkStackSize                            = 4194304                                   {product} {ergonomic}
   size_t MaxHeapSize                              = 3185573888                                {product} {ergonomic}
   size_t MaxNewSize                               = 1910505472                                {product} {ergonomic}
   size_t MinHeapDeltaBytes                        = 2097152                                   {product} {ergonomic}
   size_t MinHeapSize                              = 8388608                                   {product} {ergonomic}
    uintx NonNMethodCodeHeapSize                   = 6973028                                {pd product} {ergonomic}
    uintx NonProfiledCodeHeapSize                  = 244685212                              {pd product} {ergonomic}
    uintx ProfiledCodeHeapSize                     = 0                                      {pd product} {ergonomic}
    uintx ReservedCodeCacheSize                    = 251658240                              {pd product} {ergonomic}
     bool SegmentedCodeCache                       = true                                      {product} {ergonomic}
     bool ShowCodeDetailsInExceptionMessages       = true                                   {manageable} {command line}
   size_t SoftMaxHeapSize                          = 3185573888                             {manageable} {ergonomic}
     intx TieredStopAtLevel                        = 1                                         {product} {command line}
     bool UseCompressedClassPointers               = true                           {product lp64_product} {ergonomic}
     bool UseCompressedOops                        = true                           {product lp64_product} {ergonomic}
     bool UseG1GC                                  = true                                      {product} {ergonomic}
     bool UseLargePagesIndividualAllocation        = false                                  {pd product} {ergonomic}

Logging:
Log output configuration:
 #0: stdout all=warning uptime,level,tags
 #1: stderr all=off uptime,level,tags

Environment Variables:
JAVA_HOME=C:\Program Files\Java\zulu-jdk11.0.10
PATH=E:\eclipse\plugins\org.eclipse.justj.openjdk.hotspot.jre.full.win32.x86_64_16.0.1.v20210528-1205\jre\bin;E:/sts-4.11.1.RELEASE//plugins/org.eclipse.justj.openjdk.hotspot.jre.full.win32.x86_64_16.0.2.v20210721-1149/jre/bin/server;E:/sts-4.11.1.RELEASE//plugins/org.eclipse.justj.openjdk.hotspot.jre.full.win32.x86_64_16.0.2.v20210721-1149/jre/bin;C:\Program Files\Java\zulu-jdk11.0.10;C:\Python\Python37\Scripts\;C:\Python\Python37\;C:\Program Files\Java\zulu-jdk11.0.10\bin;C:\WINDOWS\system32;C:\WINDOWS;C:\WINDOWS\System32\Wbem;C:\WINDOWS\System32\WindowsPowerShell\v1.0\;C:\WINDOWS\System32\OpenSSH\;C:\Program Files\dotnet\;C:\Program Files\Microsoft SQL Server\130\Tools\Binn\;C:\Program Files (x86)\Microsoft SQL Server\140\Tools\Binn\;C:\Program Files\Microsoft SQL Server\140\Tools\Binn\;C:\Program Files (x86)\Microsoft SQL Server\140\DTS\Binn\;C:\Program Files\Microsoft SQL Server\140\DTS\Binn\;C:\Program Files\Microsoft SQL Server\Client SDK\ODBC\130\Tools\Binn\;C:\Program Files\Git\cmd;C:\Program Files\nodejs\;C:\Program Files (x86)\dotnet\;C:\Program Files\Microsoft\Web Platform Installer\;E:\Cursos\Grails\groovy-2.5.8\bin;E:\Cursos\Grails\grails-2.5.6\bin;E:\apache-maven-3.6.2\bin;C:\Users\frabe\AppData\Roaming\npm\node_modules\@angular\cli\bin;C:\Users\frabe\AppData\Roaming\npm;;C:\Program Files\Docker\Docker\resources\bin;C:\ProgramData\DockerDesktop\version-bin;C:\Program Files\MySQL\MySQL Shell 8.0\bin\;C:\Users\frabe\AppData\Local\Programs\Microsoft VS Code\bin;;%USERPROFILE%\AppData\Local\Microsoft\WindowsApps;E:\sts-4.11.1.RELEASE;
USERNAME=frabe
OS=Windows_NT
PROCESSOR_IDENTIFIER=Intel64 Family 6 Model 78 Stepping 3, GenuineIntel



---------------  S Y S T E M  ---------------

OS:
 Windows 10 , 64 bit Build 19041 (10.0.19041.1202)
OS uptime: 1 days 10:08 hours
Hyper-V role detected

CPU: total 4 (initial active 4) (2 cores per cpu, 2 threads per core) family 6 model 78 stepping 3 microcode 0xcc, cx8, cmov, fxsr, ht, mmx, 3dnowpref, sse, sse2, sse3, ssse3, sse4.1, sse4.2, popcnt, lzcnt, tsc, tscinvbit, avx, avx2, aes, erms, clmul, bmi1, bmi2, adx, fma, vzeroupper, clflush, clflushopt, hv

Memory: 4k page, system-wide physical 12148M (3107M free)
TotalPageFile size 16947M (AvailPageFile size 3306M)
current process WorkingSet (physical memory assigned to process): 239M, peak: 273M
current process commit charge ("private bytes"): 264M, peak: 318M

vm_info: OpenJDK 64-Bit Server VM (16.0.1+9-24) for windows-amd64 JRE (16.0.1+9-24), built on Mar 26 2021 19:30:07 by "mach5one" with MS VC++ 16.7 (VS2019)

END.
